<?xml version="1.0" encoding="UTF-8"?>
<!-- Generated by org.testng.reporters.JUnitXMLReporter -->
<testsuite hostname="Nehas-MacBook-Pro.local" ignored="0" name="Command line test" tests="4" failures="1" timestamp="17 Jul 2020 10:06:33 GMT" time="4.736" errors="0">
  <testcase name="TestDelete_1" time="2.571" classname="TestScripts.TestDelete"/>
  <testcase name="TestPost_1" time="0.749" classname="TestScripts.TestPut"/>
  <testcase name="testusingmethods" time="0.746" classname="TestScripts.TestGet"/>
  <testcase name="testpost" time="0.641" classname="TestScripts.TestPost">
    <failure type="java.lang.AssertionError" message="expected [201] but found [404]">
      <![CDATA[java.lang.AssertionError: expected [201] but found [404]
at TestScripts.TestPost.testpost(TestPost.java:77)
... Removed 40 stack frames]]>
    </failure>
  </testcase> <!-- testpost -->
</testsuite> <!-- Command line test -->
