<?xml version="1.0" encoding="UTF-8" ?>
<testsuite tests="4" failures="1" name="TestSuite" time="4.713" errors="0" skipped="0">
  <properties>
[...]
</properties>
  <testcase classname="TestScripts.TestDelete" name="TestDelete_1" time="2.572"/>
  <testcase classname="TestScripts.TestPut" name="TestPost_1" time="0.749"/>
  <testcase classname="TestScripts.TestGet" name="testusingmethods" time="0.747"/>
  <testcase classname="TestScripts.TestPost" name="testpost" time="0.645">
    <failure message="expected [201] but found [404]" type="java.lang.AssertionError">java.lang.AssertionError: expected [201] but found [404]
	at org.testng.Assert.fail(Assert.java:96)
	at org.testng.Assert.failNotEquals(Assert.java:776)
	at org.testng.Assert.assertEqualsImpl(Assert.java:137)
	at org.testng.Assert.assertEquals(Assert.java:118)
	at org.testng.Assert.assertEquals(Assert.java:442)
	at TestScripts.TestPost.testpost(TestPost.java:77)
</failure>
  </testcase>
</testsuite>